2018-02-18 14:39:56,822 [Worker-3] INFO  c.g.t.t.d.PublishedGradleVersions - Gradle version information cache is up-to-date. Trying to read.
2018-02-18 14:40:27,989 [Worker-4] INFO  o.e.m.c.i.l.LifecycleMappingFactory - Using org.eclipse.m2e.jdt.JarLifecycleMapping lifecycle mapping for MavenProject: com.example:whiteboard:0.0.1-SNAPSHOT @ D:\Spring 2018\CS 309\PP_3\whiteboard\pom.xml.
2018-02-18 14:40:27,989 [Worker-22] INFO  o.e.m.c.i.l.LifecycleMappingFactory - Using org.eclipse.m2e.jdt.JarLifecycleMapping lifecycle mapping for MavenProject: com.example:whiteboard:0.0.1-SNAPSHOT @ D:\Spring 2018\CS 309\PP_3\whiteboard\pom.xml.
2018-02-18 14:40:29,512 [Worker-4] INFO  o.e.m.c.i.embedder.EclipseLogger - Using 'UTF-8' encoding to copy filtered resources.
2018-02-18 14:40:29,517 [Worker-4] INFO  o.e.m.c.i.embedder.EclipseLogger - Copying 1 resource
2018-02-18 14:40:29,536 [Worker-4] INFO  o.e.m.c.i.embedder.EclipseLogger - Copying 13 resources
2018-02-18 14:40:29,662 [Worker-4] INFO  o.e.m.c.i.embedder.EclipseLogger - Using 'UTF-8' encoding to copy filtered resources.
2018-02-18 14:40:29,663 [Worker-4] INFO  o.e.m.c.i.embedder.EclipseLogger - skip non existing resourceDirectory D:\Spring 2018\CS 309\PP_3\whiteboard\src\test\resources
2018-02-18 14:40:30,681 [Worker-22] INFO  o.e.m.c.i.l.LifecycleMappingFactory - Using org.eclipse.m2e.jdt.JarLifecycleMapping lifecycle mapping for MavenProject: com.example:whiteboard:0.0.1-SNAPSHOT @ D:\Spring 2018\CS 309\PP_3\whiteboard\pom.xml.
2018-02-18 14:40:33,319 [Worker-15] INFO  o.e.m.c.i.l.LifecycleMappingFactory - Using org.eclipse.m2e.jdt.JarLifecycleMapping lifecycle mapping for MavenProject: com.example:whiteboard:0.0.1-SNAPSHOT @ D:\Spring 2018\CS 309\PP_3\whiteboard\pom.xml.
2018-02-18 14:40:35,379 [Worker-24] INFO  o.e.m.c.i.embedder.EclipseLogger - Using 'UTF-8' encoding to copy filtered resources.
2018-02-18 14:40:35,382 [Worker-24] INFO  o.e.m.c.i.embedder.EclipseLogger - Copying 1 resource
2018-02-18 14:40:35,396 [Worker-24] INFO  o.e.m.c.i.embedder.EclipseLogger - Copying 13 resources
2018-02-18 14:40:35,438 [Worker-24] INFO  o.e.m.c.i.embedder.EclipseLogger - Using 'UTF-8' encoding to copy filtered resources.
2018-02-18 14:40:35,438 [Worker-24] INFO  o.e.m.c.i.embedder.EclipseLogger - skip non existing resourceDirectory D:\Spring 2018\CS 309\PP_3\whiteboard\src\test\resources
2018-02-18 14:44:49,199 [Worker-26] INFO  o.e.m.c.i.embedder.EclipseLogger - Using 'UTF-8' encoding to copy filtered resources.
2018-02-18 14:44:49,201 [Worker-26] INFO  o.e.m.c.i.embedder.EclipseLogger - Copying 0 resource
2018-02-18 14:44:49,202 [Worker-26] INFO  o.e.m.c.i.embedder.EclipseLogger - Copying 1 resource
2018-02-18 14:44:49,207 [Worker-26] INFO  o.e.m.c.i.embedder.EclipseLogger - Using 'UTF-8' encoding to copy filtered resources.
2018-02-18 14:44:49,208 [Worker-26] INFO  o.e.m.c.i.embedder.EclipseLogger - skip non existing resourceDirectory D:\Spring 2018\CS 309\PP_3\whiteboard\src\test\resources
2018-02-18 14:45:31,700 [Worker-27] INFO  o.e.m.c.i.embedder.EclipseLogger - Using 'UTF-8' encoding to copy filtered resources.
2018-02-18 14:45:31,700 [Worker-27] INFO  o.e.m.c.i.embedder.EclipseLogger - Copying 0 resource
2018-02-18 14:45:31,701 [Worker-27] INFO  o.e.m.c.i.embedder.EclipseLogger - Copying 1 resource
2018-02-18 14:45:31,705 [Worker-27] INFO  o.e.m.c.i.embedder.EclipseLogger - Using 'UTF-8' encoding to copy filtered resources.
2018-02-18 14:45:31,705 [Worker-27] INFO  o.e.m.c.i.embedder.EclipseLogger - skip non existing resourceDirectory D:\Spring 2018\CS 309\PP_3\whiteboard\src\test\resources
2018-02-18 14:46:11,252 [Worker-26] INFO  o.e.m.c.i.embedder.EclipseLogger - Using 'UTF-8' encoding to copy filtered resources.
2018-02-18 14:46:11,254 [Worker-26] INFO  o.e.m.c.i.embedder.EclipseLogger - Copying 1 resource
2018-02-18 14:46:11,258 [Worker-26] INFO  o.e.m.c.i.embedder.EclipseLogger - Copying 13 resources
2018-02-18 14:46:11,261 [Worker-26] INFO  o.e.m.c.i.embedder.EclipseLogger - Using 'UTF-8' encoding to copy filtered resources.
2018-02-18 14:46:11,261 [Worker-26] INFO  o.e.m.c.i.embedder.EclipseLogger - skip non existing resourceDirectory D:\Spring 2018\CS 309\PP_3\whiteboard\src\test\resources
2018-02-18 14:47:28,247 [Worker-32] INFO  o.e.m.c.i.embedder.EclipseLogger - Using 'UTF-8' encoding to copy filtered resources.
2018-02-18 14:47:28,248 [Worker-32] INFO  o.e.m.c.i.embedder.EclipseLogger - Copying 1 resource
2018-02-18 14:47:28,250 [Worker-32] INFO  o.e.m.c.i.embedder.EclipseLogger - Copying 14 resources
2018-02-18 14:47:28,256 [Worker-32] INFO  o.e.m.c.i.embedder.EclipseLogger - Using 'UTF-8' encoding to copy filtered resources.
2018-02-18 14:47:28,256 [Worker-32] INFO  o.e.m.c.i.embedder.EclipseLogger - skip non existing resourceDirectory D:\Spring 2018\CS 309\PP_3\whiteboard\src\test\resources
2018-02-18 14:48:11,100 [Worker-31] INFO  o.e.m.c.i.embedder.EclipseLogger - Using 'UTF-8' encoding to copy filtered resources.
2018-02-18 14:48:11,102 [Worker-31] INFO  o.e.m.c.i.embedder.EclipseLogger - Copying 1 resource
2018-02-18 14:48:11,106 [Worker-31] INFO  o.e.m.c.i.embedder.EclipseLogger - Copying 14 resources
2018-02-18 14:48:11,110 [Worker-31] INFO  o.e.m.c.i.embedder.EclipseLogger - Using 'UTF-8' encoding to copy filtered resources.
2018-02-18 14:48:11,110 [Worker-31] INFO  o.e.m.c.i.embedder.EclipseLogger - skip non existing resourceDirectory D:\Spring 2018\CS 309\PP_3\whiteboard\src\test\resources
2018-02-18 14:48:40,426 [Worker-34] INFO  o.e.m.c.i.embedder.EclipseLogger - Using 'UTF-8' encoding to copy filtered resources.
2018-02-18 14:48:40,427 [Worker-34] INFO  o.e.m.c.i.embedder.EclipseLogger - Copying 1 resource
2018-02-18 14:48:40,430 [Worker-34] INFO  o.e.m.c.i.embedder.EclipseLogger - Copying 14 resources
2018-02-18 14:48:40,434 [Worker-34] INFO  o.e.m.c.i.embedder.EclipseLogger - Using 'UTF-8' encoding to copy filtered resources.
2018-02-18 14:48:40,434 [Worker-34] INFO  o.e.m.c.i.embedder.EclipseLogger - skip non existing resourceDirectory D:\Spring 2018\CS 309\PP_3\whiteboard\src\test\resources
2018-02-18 14:49:51,550 [Worker-32] INFO  o.e.m.c.i.embedder.EclipseLogger - Using 'UTF-8' encoding to copy filtered resources.
2018-02-18 14:49:51,550 [Worker-32] INFO  o.e.m.c.i.embedder.EclipseLogger - Copying 0 resource
2018-02-18 14:49:51,550 [Worker-32] INFO  o.e.m.c.i.embedder.EclipseLogger - Copying 1 resource
2018-02-18 14:49:51,553 [Worker-32] INFO  o.e.m.c.i.embedder.EclipseLogger - Using 'UTF-8' encoding to copy filtered resources.
2018-02-18 14:49:51,553 [Worker-32] INFO  o.e.m.c.i.embedder.EclipseLogger - skip non existing resourceDirectory D:\Spring 2018\CS 309\PP_3\whiteboard\src\test\resources
2018-02-18 14:50:28,887 [Worker-35] INFO  o.e.m.c.i.embedder.EclipseLogger - Using 'UTF-8' encoding to copy filtered resources.
2018-02-18 14:50:28,889 [Worker-35] INFO  o.e.m.c.i.embedder.EclipseLogger - Copying 1 resource
2018-02-18 14:50:28,892 [Worker-35] INFO  o.e.m.c.i.embedder.EclipseLogger - Copying 14 resources
2018-02-18 14:50:28,896 [Worker-35] INFO  o.e.m.c.i.embedder.EclipseLogger - Using 'UTF-8' encoding to copy filtered resources.
2018-02-18 14:50:28,896 [Worker-35] INFO  o.e.m.c.i.embedder.EclipseLogger - skip non existing resourceDirectory D:\Spring 2018\CS 309\PP_3\whiteboard\src\test\resources
2018-02-18 14:52:45,739 [Worker-27] INFO  o.e.m.c.i.embedder.EclipseLogger - Using 'UTF-8' encoding to copy filtered resources.
2018-02-18 14:52:45,740 [Worker-27] INFO  o.e.m.c.i.embedder.EclipseLogger - Copying 1 resource
2018-02-18 14:52:45,743 [Worker-27] INFO  o.e.m.c.i.embedder.EclipseLogger - Copying 14 resources
2018-02-18 14:52:45,746 [Worker-27] INFO  o.e.m.c.i.embedder.EclipseLogger - Using 'UTF-8' encoding to copy filtered resources.
2018-02-18 14:52:45,746 [Worker-27] INFO  o.e.m.c.i.embedder.EclipseLogger - skip non existing resourceDirectory D:\Spring 2018\CS 309\PP_3\whiteboard\src\test\resources
2018-02-18 14:53:15,605 [Worker-32] INFO  o.e.m.c.i.embedder.EclipseLogger - Using 'UTF-8' encoding to copy filtered resources.
2018-02-18 14:53:15,607 [Worker-32] INFO  o.e.m.c.i.embedder.EclipseLogger - Copying 1 resource
2018-02-18 14:53:15,610 [Worker-32] INFO  o.e.m.c.i.embedder.EclipseLogger - Copying 14 resources
2018-02-18 14:53:15,614 [Worker-32] INFO  o.e.m.c.i.embedder.EclipseLogger - Using 'UTF-8' encoding to copy filtered resources.
2018-02-18 14:53:15,614 [Worker-32] INFO  o.e.m.c.i.embedder.EclipseLogger - skip non existing resourceDirectory D:\Spring 2018\CS 309\PP_3\whiteboard\src\test\resources
